<?xml version="1.0" encoding="UTF-8"?>
<!-- Generated by org.testng.reporters.JUnitReportReporter -->
<testsuite skipped="0" hostname="DESKTOP-V41L6B2" name="example.demo.E1" tests="1" failures="0" timestamp="2019-10-31T14:34:27 IST" time="0.007" errors="0">
  <testcase name="display" time="0.007" classname="example.demo.E1"/>
</testsuite> <!-- example.demo.E1 -->
